# JRE version: OpenJDK Runtime Environment (8.0_131-b11) (build 1.8.0_131-8u131-b11-0ubuntu1.16.04.2-b11)
# Java VM: OpenJDK 64-Bit Server VM (25.131-b11 mixed mode linux-amd64 compressed oops)
Heap:
 PSYoungGen      total 350208K, used 30068K [0x00000000d6980000, 0x00000000f6180000, 0x0000000100000000)
  eden space 336896K, 8% used [0x00000000d6980000,0x00000000d86dd220,0x00000000eb280000)
  from space 13312K, 0% used [0x00000000eb280000,0x00000000eb280000,0x00000000ebf80000)
  to   space 89600K, 0% used [0x00000000f0a00000,0x00000000f0a00000,0x00000000f6180000)
 ParOldGen       total 285696K, used 113589K [0x0000000083c00000, 0x0000000095300000, 0x00000000d6980000)
  object space 285696K, 39% used [0x0000000083c00000,0x000000008aaed668,0x0000000095300000)
 Metaspace       used 95005K, capacity 105610K, committed 105792K, reserved 1140736K
  class space    used 11249K, capacity 14354K, committed 14464K, reserved 1048576K
GC Heap History (10 events):
Event: 64.630 GC heap before
{Heap before GC invocations=33 (full 6):
 PSYoungGen      total 384000K, used 25825K [0x00000000d6980000, 0x00000000f6880000, 0x0000000100000000)
  eden space 286720K, 0% used [0x00000000d6980000,0x00000000d6980000,0x00000000e8180000)
  from space 97280K, 26% used [0x00000000e8180000,0x00000000e9ab86c0,0x00000000ee080000)
  to   space 93184K, 0% used [0x00000000f0d80000,0x00000000f0d80000,0x00000000f6880000)
 ParOldGen       total 285696K, used 163469K [0x0000000083c00000, 0x0000000095300000, 0x00000000d6980000)
  object space 285696K, 57% used [0x0000000083c00000,0x000000008dba3688,0x0000000095300000)
 Metaspace       used 93053K, capacity 103406K, committed 103616K, reserved 1138688K
  class space    used 10998K, capacity 14075K, committed 14080K, reserved 1048576K
Event: 65.085 GC heap after
Heap after GC invocations=33 (full 6):
 PSYoungGen      total 384000K, used 0K [0x00000000d6980000, 0x00000000f6880000, 0x0000000100000000)
  eden space 286720K, 0% used [0x00000000d6980000,0x00000000d6980000,0x00000000e8180000)
  from space 97280K, 0% used [0x00000000e8180000,0x00000000e8180000,0x00000000ee080000)
  to   space 93184K, 0% used [0x00000000f0d80000,0x00000000f0d80000,0x00000000f6880000)
 ParOldGen       total 285696K, used 104772K [0x0000000083c00000, 0x0000000095300000, 0x00000000d6980000)
  object space 285696K, 36% used [0x0000000083c00000,0x000000008a251188,0x0000000095300000)
 Metaspace       used 93053K, capacity 103406K, committed 103616K, reserved 1138688K
  class space    used 10998K, capacity 14075K, committed 14080K, reserved 1048576K
}
Event: 66.721 GC heap before
{Heap before GC invocations=34 (full 6):
 PSYoungGen      total 384000K, used 91693K [0x00000000d6980000, 0x00000000f6880000, 0x0000000100000000)
  eden space 286720K, 31% used [0x00000000d6980000,0x00000000dc30b4c0,0x00000000e8180000)
  from space 97280K, 0% used [0x00000000e8180000,0x00000000e8180000,0x00000000ee080000)
  to   space 93184K, 0% used [0x00000000f0d80000,0x00000000f0d80000,0x00000000f6880000)
 ParOldGen       total 285696K, used 104772K [0x0000000083c00000, 0x0000000095300000, 0x00000000d6980000)
  object space 285696K, 36% used [0x0000000083c00000,0x000000008a251188,0x0000000095300000)
 Metaspace       used 94049K, capacity 104578K, committed 104896K, reserved 1140736K
  class space    used 11161K, capacity 14275K, committed 14336K, reserved 1048576K
Event: 66.727 GC heap after
Heap after GC invocations=34 (full 6):
 PSYoungGen      total 428032K, used 8659K [0x00000000d6980000, 0x00000000f6680000, 0x0000000100000000)
  eden space 336896K, 0% used [0x00000000d6980000,0x00000000d6980000,0x00000000eb280000)
  from space 91136K, 9% used [0x00000000f0d80000,0x00000000f15f4e90,0x00000000f6680000)
  to   space 92160K, 0% used [0x00000000eb280000,0x00000000eb280000,0x00000000f0c80000)
 ParOldGen       total 285696K, used 104780K [0x0000000083c00000, 0x0000000095300000, 0x00000000d6980000)
  object space 285696K, 36% used [0x0000000083c00000,0x000000008a253188,0x0000000095300000)
 Metaspace       used 94049K, capacity 104578K, committed 104896K, reserved 1140736K
  class space    used 11161K, capacity 14275K, committed 14336K, reserved 1048576K
}
Event: 66.727 GC heap before
{Heap before GC invocations=35 (full 7):
 PSYoungGen      total 428032K, used 8659K [0x00000000d6980000, 0x00000000f6680000, 0x0000000100000000)
  eden space 336896K, 0% used [0x00000000d6980000,0x00000000d6980000,0x00000000eb280000)
  from space 91136K, 9% used [0x00000000f0d80000,0x00000000f15f4e90,0x00000000f6680000)
  to   space 92160K, 0% used [0x00000000eb280000,0x00000000eb280000,0x00000000f0c80000)
 ParOldGen       total 285696K, used 104780K [0x0000000083c00000, 0x0000000095300000, 0x00000000d6980000)
  object space 285696K, 36% used [0x0000000083c00000,0x000000008a253188,0x0000000095300000)
 Metaspace       used 94049K, capacity 104578K, committed 104896K, reserved 1140736K
  class space    used 11161K, capacity 14275K, committed 14336K, reserved 1048576K
Event: 67.084 GC heap after
Heap after GC invocations=35 (full 7):
 PSYoungGen      total 428032K, used 0K [0x00000000d6980000, 0x00000000f6680000, 0x0000000100000000)
  eden space 336896K, 0% used [0x00000000d6980000,0x00000000d6980000,0x00000000eb280000)
  from space 91136K, 0% used [0x00000000f0d80000,0x00000000f0d80000,0x00000000f6680000)
  to   space 92160K, 0% used [0x00000000eb280000,0x00000000eb280000,0x00000000f0c80000)
 ParOldGen       total 285696K, used 108230K [0x0000000083c00000, 0x0000000095300000, 0x00000000d6980000)
  object space 285696K, 37% used [0x0000000083c00000,0x000000008a5b1840,0x0000000095300000)
 Metaspace       used 94049K, capacity 104578K, committed 104896K, reserved 1140736K
  class space    used 11161K, capacity 14275K, committed 14336K, reserved 1048576K
}
Event: 67.738 GC heap before
{Heap before GC invocations=36 (full 7):
 PSYoungGen      total 428032K, used 66590K [0x00000000d6980000, 0x00000000f6680000, 0x0000000100000000)
  eden space 336896K, 19% used [0x00000000d6980000,0x00000000daa87ab0,0x00000000eb280000)
  from space 91136K, 0% used [0x00000000f0d80000,0x00000000f0d80000,0x00000000f6680000)
  to   space 92160K, 0% used [0x00000000eb280000,0x00000000eb280000,0x00000000f0c80000)
 ParOldGen       total 285696K, used 108230K [0x0000000083c00000, 0x0000000095300000, 0x00000000d6980000)
  object space 285696K, 37% used [0x0000000083c00000,0x000000008a5b1840,0x0000000095300000)
 Metaspace       used 94731K, capacity 105166K, committed 105408K, reserved 1140736K
  class space    used 11228K, capacity 14317K, committed 14336K, reserved 1048576K
Event: 67.746 GC heap after
Heap after GC invocations=36 (full 7):
 PSYoungGen      total 350208K, used 12853K [0x00000000d6980000, 0x00000000f6180000, 0x0000000100000000)
  eden space 336896K, 0% used [0x00000000d6980000,0x00000000d6980000,0x00000000eb280000)
  from space 13312K, 96% used [0x00000000eb280000,0x00000000ebf0d428,0x00000000ebf80000)
  to   space 89600K, 0% used [0x00000000f0a00000,0x00000000f0a00000,0x00000000f6180000)
 ParOldGen       total 285696K, used 108238K [0x0000000083c00000, 0x0000000095300000, 0x00000000d6980000)
  object space 285696K, 37% used [0x0000000083c00000,0x000000008a5b3840,0x0000000095300000)
 Metaspace       used 94731K, capacity 105166K, committed 105408K, reserved 1140736K
  class space    used 11228K, capacity 14317K, committed 14336K, reserved 1048576K
}
Event: 67.746 GC heap before
{Heap before GC invocations=37 (full 8):
 PSYoungGen      total 350208K, used 12853K [0x00000000d6980000, 0x00000000f6180000, 0x0000000100000000)
  eden space 336896K, 0% used [0x00000000d6980000,0x00000000d6980000,0x00000000eb280000)
  from space 13312K, 96% used [0x00000000eb280000,0x00000000ebf0d428,0x00000000ebf80000)
  to   space 89600K, 0% used [0x00000000f0a00000,0x00000000f0a00000,0x00000000f6180000)
 ParOldGen       total 285696K, used 108238K [0x0000000083c00000, 0x0000000095300000, 0x00000000d6980000)
  object space 285696K, 37% used [0x0000000083c00000,0x000000008a5b3840,0x0000000095300000)
 Metaspace       used 94731K, capacity 105166K, committed 105408K, reserved 1140736K
  class space    used 11228K, capacity 14317K, committed 14336K, reserved 1048576K
Event: 68.011 GC heap after
Heap after GC invocations=37 (full 8):
 PSYoungGen      total 350208K, used 0K [0x00000000d6980000, 0x00000000f6180000, 0x0000000100000000)
  eden space 336896K, 0% used [0x00000000d6980000,0x00000000d6980000,0x00000000eb280000)
  from space 13312K, 0% used [0x00000000eb280000,0x00000000eb280000,0x00000000ebf80000)
  to   space 89600K, 0% used [0x00000000f0a00000,0x00000000f0a00000,0x00000000f6180000)
 ParOldGen       total 285696K, used 113589K [0x0000000083c00000, 0x0000000095300000, 0x00000000d6980000)
  object space 285696K, 39% used [0x0000000083c00000,0x000000008aaed668,0x0000000095300000)
 Metaspace       used 94731K, capacity 105166K, committed 105408K, reserved 1140736K
  class space    used 11228K, capacity 14317K, committed 14336K, reserved 1048576K
}

